<?xml version="1.0" encoding="UTF-8"?>
<!-- Generated by org.testng.reporters.JUnitXMLReporter -->
<testsuite hostname="PI-SGH340SYLW" ignored="0" name="S4 Eribank" tests="1" failures="1" timestamp="17 Jan 2020 06:33:07 GMT" time="31.43" errors="0">
  <testcase name="AppScript" time="9.825" classname="androidscript.TestNGwithAndroid">
    <failure type="org.openqa.selenium.StaleElementReferenceException" message="androidx.test.uiautomator.StaleObjectException
For documentation on this error, please visit: https://www.seleniumhq.org/exceptions/stale_element_reference.html
Build info: version: &amp;apos;3.141.59&amp;apos;, revision: &amp;apos;e82be7d358&amp;apos;, time: &amp;apos;2018-11-14T08:17:03&amp;apos;
System info: host: &amp;apos;PI-SGH340SYLW&amp;apos;, ip: &amp;apos;172.19.202.201&amp;apos;, os.name: &amp;apos;Windows 10&amp;apos;, os.arch: &amp;apos;amd64&amp;apos;, os.version: &amp;apos;10.0&amp;apos;, java.version: &amp;apos;1.8.0_231&amp;apos;
Driver info: io.appium.java_client.android.AndroidDriver
Capabilities {app: C:\Users\benkohyj\AppData\R..., appActivity: .LoginActivity, appPackage: com.experitest.ExperiBank, automationName: UiAutomator2, databaseEnabled: false, desired: {app: C:\Users\benkohyj\AppData\R..., appActivity: .LoginActivity, appPackage: com.experitest.ExperiBank, automationName: UiAutomator2, deviceName: Samsung S4, platformName: android, platformVersion: 5.0.1, server:CONFIG_UUID: 91840b16-9632-4fe3-9632-64e..., udid: 4b816499}, deviceApiLevel: 23, deviceManufacturer: samsung, deviceModel: SM-N910G, deviceName: 4b816499, deviceScreenDensity: 640, deviceScreenSize: 1440x2560, deviceUDID: 4b816499, javascriptEnabled: true, locationContextEnabled: false, networkConnectionEnabled: true, pixelRatio: 4, platform: LINUX, platformName: Android, platformVersion: 6.0.1, server:CONFIG_UUID: 91840b16-9632-4fe3-9632-64e..., statBarHeight: 96, takesScreenshot: true, udid: 4b816499, viewportRect: {height: 2464, left: 0, top: 96, width: 1440}, warnings: {}, webStorageEnabled: false}
Session ID: 6b865f4c-9f23-4e9a-9d09-79be695213ec">
      <![CDATA[org.openqa.selenium.StaleElementReferenceException: androidx.test.uiautomator.StaleObjectException
For documentation on this error, please visit: https://www.seleniumhq.org/exceptions/stale_element_reference.html
Build info: version: '3.141.59', revision: 'e82be7d358', time: '2018-11-14T08:17:03'
System info: host: 'PI-SGH340SYLW', ip: '172.19.202.201', os.name: 'Windows 10', os.arch: 'amd64', os.version: '10.0', java.version: '1.8.0_231'
Driver info: io.appium.java_client.android.AndroidDriver
Capabilities {app: C:\Users\benkohyj\AppData\R..., appActivity: .LoginActivity, appPackage: com.experitest.ExperiBank, automationName: UiAutomator2, databaseEnabled: false, desired: {app: C:\Users\benkohyj\AppData\R..., appActivity: .LoginActivity, appPackage: com.experitest.ExperiBank, automationName: UiAutomator2, deviceName: Samsung S4, platformName: android, platformVersion: 5.0.1, server:CONFIG_UUID: 91840b16-9632-4fe3-9632-64e..., udid: 4b816499}, deviceApiLevel: 23, deviceManufacturer: samsung, deviceModel: SM-N910G, deviceName: 4b816499, deviceScreenDensity: 640, deviceScreenSize: 1440x2560, deviceUDID: 4b816499, javascriptEnabled: true, locationContextEnabled: false, networkConnectionEnabled: true, pixelRatio: 4, platform: LINUX, platformName: Android, platformVersion: 6.0.1, server:CONFIG_UUID: 91840b16-9632-4fe3-9632-64e..., statBarHeight: 96, takesScreenshot: true, udid: 4b816499, viewportRect: {height: 2464, left: 0, top: 96, width: 1440}, warnings: {}, webStorageEnabled: false}
Session ID: 6b865f4c-9f23-4e9a-9d09-79be695213ec
	at org.openqa.selenium.remote.http.W3CHttpResponseCodec.createException(W3CHttpResponseCodec.java:187)
	at org.openqa.selenium.remote.http.W3CHttpResponseCodec.decode(W3CHttpResponseCodec.java:122)
	at org.openqa.selenium.remote.http.W3CHttpResponseCodec.decode(W3CHttpResponseCodec.java:49)
	at org.openqa.selenium.remote.HttpCommandExecutor.execute(HttpCommandExecutor.java:158)
	at io.appium.java_client.remote.AppiumCommandExecutor.execute(AppiumCommandExecutor.java:239)
	at org.openqa.selenium.remote.RemoteWebDriver.execute(RemoteWebDriver.java:552)
	at io.appium.java_client.DefaultGenericMobileDriver.execute(DefaultGenericMobileDriver.java:41)
	at io.appium.java_client.AppiumDriver.execute(AppiumDriver.java:1)
	at io.appium.java_client.android.AndroidDriver.execute(AndroidDriver.java:1)
	at org.openqa.selenium.remote.RemoteWebElement.execute(RemoteWebElement.java:285)
	at io.appium.java_client.DefaultGenericMobileElement.execute(DefaultGenericMobileElement.java:45)
	at io.appium.java_client.MobileElement.execute(MobileElement.java:1)
	at io.appium.java_client.android.AndroidElement.execute(AndroidElement.java:1)
	at org.openqa.selenium.remote.RemoteWebElement.click(RemoteWebElement.java:84)
	at androidscript.TestNGwithAndroid.AppScript(TestNGwithAndroid.java:91)
	at java.util.concurrent.FutureTask.run(Unknown Source)
	at java.util.concurrent.ThreadPoolExecutor.runWorker(Unknown Source)
	at java.util.concurrent.ThreadPoolExecutor$Worker.run(Unknown Source)
	at java.lang.Thread.run(Unknown Source)
... Removed 20 stack frames]]>
    </failure>
  </testcase> <!-- AppScript -->
</testsuite> <!-- S4 Eribank -->
